[2023-12-04 09:29:40] Starting the training for start_hour: 1 end_hour: 3 
[2023-12-04 09:29:40] test_range: ['1998-11-10-', '1998-11-11-', '1998-11-12-', '1998-11-2-', '1998-11-3-', '1998-11-4-', '1998-11-5-', '1998-11-6-', '1998-11-7-', '1998-11-8-', '1998-11-9-', '1998-6-22-', '1998-6-23-', '1998-6-24-', '1998-6-25-', '1998-6-26-', '1998-6-27-', '1998-6-28-', '1998-6-29-', '1998-6-30-', '1999-1-10-', '1999-1-11-', '1999-1-12-', '1999-1-13-', '1999-1-14-', '1999-1-15-', '1999-1-16-', '1999-1-17-', '1999-1-18-', '1999-1-9-', '1999-4-13-', '1999-4-14-', '1999-4-15-', '1999-4-16-', '1999-4-17-', '1999-4-18-', '1999-4-19-', '2000-1-16-', '2000-1-17-', '2000-1-18-', '2000-1-19-', '2000-1-20-', '2000-1-21-', '2000-1-22-', '2000-1-23-', '2000-1-24-', '2000-1-25-', '2000-1-26-', '2000-4-10-', '2000-4-11-', '2000-4-12-', '2000-4-2-', '2000-4-3-', '2000-4-4-', '2000-4-5-', '2000-4-6-', '2000-4-7-', '2000-4-8-', '2000-4-9-', '2000-5-19-', '2000-5-20-', '2000-5-21-', '2000-5-22-', '2000-5-23-', '2000-5-24-', '2000-5-25-', '2000-5-26-', '2000-5-27-', '2000-5-28-', '2001-3-26-', '2001-3-27-', '2001-3-28-', '2001-3-29-', '2001-3-30-', '2001-3-31-', '2001-4-1-', '2001-4-2-', '2001-4-3-', '2001-4-4-', '2003-5-26-', '2003-5-27-', '2003-5-28-', '2003-5-29-', '2003-5-30-', '2003-5-31-', '2003-6-1-', '2003-6-2-', '2003-6-3-', '2003-6-4-', '2003-6-5-', '2003-6-6-', '2003-7-10-', '2003-7-11-', '2003-7-12-', '2003-7-13-', '2003-7-14-', '2003-7-15-', '2003-7-16-', '2003-7-17-', '2003-7-18-', '2003-7-8-', '2003-7-9-', '2004-1-18-', '2004-1-19-', '2004-1-20-', '2004-1-21-', '2004-1-22-', '2004-1-23-', '2004-1-24-', '2004-1-25-', '2004-1-26-', '2004-1-27-', '2004-11-10-', '2004-11-11-', '2004-11-12-', '2004-11-13-', '2004-11-14-', '2004-11-4-', '2004-11-5-', '2004-11-6-', '2004-11-7-', '2004-11-8-', '2004-11-9-', '2012-10-1-', '2012-10-2-', '2012-10-3-', '2012-10-4-', '2012-10-5-', '2012-9-10-', '2012-9-11-', '2012-9-12-', '2012-9-13-', '2012-9-14-', '2012-9-15-', '2012-9-16-', '2012-9-17-', '2012-9-18-', '2012-9-19-', '2012-9-20-', '2012-9-21-', '2012-9-22-', '2012-9-23-', '2012-9-24-', '2012-9-25-', '2012-9-26-', '2012-9-27-', '2012-9-28-', '2012-9-29-', '2012-9-30-', '2013-5-28-', '2013-5-29-', '2013-5-30-', '2013-5-31-', '2013-6-1-', '2013-6-2-', '2013-6-26-', '2013-6-27-', '2013-6-28-', '2013-6-29-', '2013-6-3-', '2013-6-30-', '2013-6-4-', '2013-7-1-', '2013-7-2-', '2013-7-3-', '2013-7-4-', '2015-3-11-', '2015-3-12-', '2015-3-13-', '2015-3-14-', '2015-3-15-', '2015-3-16-', '2015-3-17-', '2015-3-18-', '2015-3-19-', '2015-3-20-', '2015-3-21-', '2018-8-22-', '2018-8-23-', '2018-8-24-', '2018-8-25-', '2018-8-26-', '2018-8-27-', '2018-8-28-', '2018-8-29-', '2018-8-30-', '2018-8-31-', '2018-9-1-', '2018-9-2-', '2018-9-3-'] 
[2023-12-04 09:29:40] test_years: [1998, 1999, 2000, 2001, 2003, 2004, 2012, 2013, 2015, 2018] 
Running testing for storm #36 for  1-hour ahead for 5-minute resolution
[2023-12-04 09:29:40] len(train_data): 71735 
[2023-12-04 09:29:40] len(train_array): 71735 
[2023-12-04 09:29:48] t1 2004-1-18 
[2023-12-04 09:29:48] values--> 2004-01-18 2004-1-18 2004-01-27 2004-1-27 
[2023-12-04 09:29:48] value: ['2004-1-18-', '2004-1-19-', '2004-1-20-', '2004-1-21-', '2004-1-22-', '2004-1-23-', '2004-1-24-', '2004-1-25-', '2004-1-26-', '2004-1-27-'] 
[2023-12-04 09:29:48] value 2: ['2004-1-18-', '2004-1-19-', '2004-1-20-', '2004-1-21-', '2004-1-22-', '2004-1-23-', '2004-1-24-', '2004-1-25-', '2004-1-26-', '2004-1-27-'] 
[2023-12-04 09:29:48] 36 storms_data size: 2811 s_data size: 2811 
[2023-12-04 09:29:48] 36 min: -137 max: 41 
[2023-12-04 09:29:48] 36 range: ['2004-1-18-', '2004-1-19-', '2004-1-20-', '2004-1-21-', '2004-1-22-', '2004-1-23-', '2004-1-24-', '2004-1-25-', '2004-1-26-', '2004-1-27-'] 
[2023-12-04 09:29:48] end_date_ts: 2004-01-27 18:05:00 
[2023-12-04 09:29:53] Testing is in progress.. 
[2023-12-04 09:29:55] saving to: results_datasets\storm_num_36\5min\1h_uq_training.csv 
[2023-12-04 09:29:55] dates--> 2004-01-18 00:00:00 2004-01-20 10:30:00 2004-01-22 21:00:00 2004-01-27 18:05:00 
[2023-12-04 09:29:55] Preds stats --> 36 5min 1 25 -22 
[2023-12-04 09:29:55] xticks in test: [datetime.datetime(2004, 1, 18, 0, 0), datetime.datetime(2004, 1, 21, 6, 0), datetime.datetime(2004, 1, 24, 12, 0), datetime.datetime(2004, 1, 27, 18, 5)] 
[2023-12-04 09:29:55] 36 1 5  
[2023-12-04 09:29:55] x_label is:  
[2023-12-04 09:29:55] Setting ylimits...: -450 150 

[2023-12-04 09:29:55] xticksvalues in utils: ['01/18/04', '01/21/04', '01/24/04', '01/27/04'] 
[2023-12-04 09:29:55] xticks in utils1: [datetime.datetime(2004, 1, 18, 0, 0), datetime.datetime(2004, 1, 21, 6, 0), datetime.datetime(2004, 1, 24, 12, 0), datetime.datetime(2004, 1, 27, 18, 5)] 
[2023-12-04 09:29:55] [2023-12-04 09:29:55] Saving figure to file: Saving figure to file: figures\storm_5min_36_1h_symh_uq_pe.pdf figures\storm_5min_36_1h_symh_uq_pe.pdf 

Running testing for storm #36 for  2-hour ahead for 5-minute resolution
[2023-12-04 09:29:57] len(train_data): 71735 
[2023-12-04 09:29:57] len(train_array): 71735 
[2023-12-04 09:30:00] t1 2004-1-18 
[2023-12-04 09:30:00] values--> 2004-01-18 2004-1-18 2004-01-27 2004-1-27 
[2023-12-04 09:30:00] value: ['2004-1-18-', '2004-1-19-', '2004-1-20-', '2004-1-21-', '2004-1-22-', '2004-1-23-', '2004-1-24-', '2004-1-25-', '2004-1-26-', '2004-1-27-'] 
[2023-12-04 09:30:00] value 2: ['2004-1-18-', '2004-1-19-', '2004-1-20-', '2004-1-21-', '2004-1-22-', '2004-1-23-', '2004-1-24-', '2004-1-25-', '2004-1-26-', '2004-1-27-'] 
[2023-12-04 09:30:00] 36 storms_data size: 2811 s_data size: 2811 
[2023-12-04 09:30:00] 36 min: -137 max: 41 
[2023-12-04 09:30:00] 36 range: ['2004-1-18-', '2004-1-19-', '2004-1-20-', '2004-1-21-', '2004-1-22-', '2004-1-23-', '2004-1-24-', '2004-1-25-', '2004-1-26-', '2004-1-27-'] 
[2023-12-04 09:30:00] end_date_ts: 2004-01-27 18:05:00 
[2023-12-04 09:30:01] Testing is in progress.. 
[2023-12-04 09:30:03] saving to: results_datasets\storm_num_36\5min\1h_uq_training.csv 
[2023-12-04 09:30:03] dates--> 2004-01-18 00:00:00 2004-01-20 10:30:00 2004-01-22 21:00:00 2004-01-27 18:05:00 
[2023-12-04 09:30:03] Preds stats --> 36 5min 2 25 -24 
[2023-12-04 09:30:03] xticks in test: [datetime.datetime(2004, 1, 18, 0, 0), datetime.datetime(2004, 1, 21, 6, 0), datetime.datetime(2004, 1, 24, 12, 0), datetime.datetime(2004, 1, 27, 18, 5)] 
[2023-12-04 09:30:03] 36 2 5  

[2023-12-04 09:30:03] x_label is:  
[2023-12-04 09:30:03] Setting ylimits...: -450 150 

[2023-12-04 09:30:03] xticksvalues in utils: ['01/18/04', '01/21/04', '01/24/04', '01/27/04'] 
[2023-12-04 09:30:03] xticks in utils1: [datetime.datetime(2004, 1, 18, 0, 0), datetime.datetime(2004, 1, 21, 6, 0), datetime.datetime(2004, 1, 24, 12, 0), datetime.datetime(2004, 1, 27, 18, 5)] 
[2023-12-04 09:30:03] [2023-12-04 09:30:03] Saving figure to file: Saving figure to file: figures\storm_5min_36_2h_symh_uq_pe.pdf figures\storm_5min_36_2h_symh_uq_pe.pdf 

[2023-12-04 09:30:04] Starting the training for start_hour: 1 end_hour: 3 
[2023-12-04 09:30:04] test_range: ['1998-11-10-', '1998-11-11-', '1998-11-12-', '1998-11-2-', '1998-11-3-', '1998-11-4-', '1998-11-5-', '1998-11-6-', '1998-11-7-', '1998-11-8-', '1998-11-9-', '1998-6-22-', '1998-6-23-', '1998-6-24-', '1998-6-25-', '1998-6-26-', '1998-6-27-', '1998-6-28-', '1998-6-29-', '1998-6-30-', '1999-1-10-', '1999-1-11-', '1999-1-12-', '1999-1-13-', '1999-1-14-', '1999-1-15-', '1999-1-16-', '1999-1-17-', '1999-1-18-', '1999-1-9-', '1999-4-13-', '1999-4-14-', '1999-4-15-', '1999-4-16-', '1999-4-17-', '1999-4-18-', '1999-4-19-', '2000-1-16-', '2000-1-17-', '2000-1-18-', '2000-1-19-', '2000-1-20-', '2000-1-21-', '2000-1-22-', '2000-1-23-', '2000-1-24-', '2000-1-25-', '2000-1-26-', '2000-4-10-', '2000-4-11-', '2000-4-12-', '2000-4-2-', '2000-4-3-', '2000-4-4-', '2000-4-5-', '2000-4-6-', '2000-4-7-', '2000-4-8-', '2000-4-9-', '2000-5-19-', '2000-5-20-', '2000-5-21-', '2000-5-22-', '2000-5-23-', '2000-5-24-', '2000-5-25-', '2000-5-26-', '2000-5-27-', '2000-5-28-', '2001-3-26-', '2001-3-27-', '2001-3-28-', '2001-3-29-', '2001-3-30-', '2001-3-31-', '2001-4-1-', '2001-4-2-', '2001-4-3-', '2001-4-4-', '2003-5-26-', '2003-5-27-', '2003-5-28-', '2003-5-29-', '2003-5-30-', '2003-5-31-', '2003-6-1-', '2003-6-2-', '2003-6-3-', '2003-6-4-', '2003-6-5-', '2003-6-6-', '2003-7-10-', '2003-7-11-', '2003-7-12-', '2003-7-13-', '2003-7-14-', '2003-7-15-', '2003-7-16-', '2003-7-17-', '2003-7-18-', '2003-7-8-', '2003-7-9-', '2004-1-18-', '2004-1-19-', '2004-1-20-', '2004-1-21-', '2004-1-22-', '2004-1-23-', '2004-1-24-', '2004-1-25-', '2004-1-26-', '2004-1-27-', '2004-11-10-', '2004-11-11-', '2004-11-12-', '2004-11-13-', '2004-11-14-', '2004-11-4-', '2004-11-5-', '2004-11-6-', '2004-11-7-', '2004-11-8-', '2004-11-9-', '2012-10-1-', '2012-10-2-', '2012-10-3-', '2012-10-4-', '2012-10-5-', '2012-9-10-', '2012-9-11-', '2012-9-12-', '2012-9-13-', '2012-9-14-', '2012-9-15-', '2012-9-16-', '2012-9-17-', '2012-9-18-', '2012-9-19-', '2012-9-20-', '2012-9-21-', '2012-9-22-', '2012-9-23-', '2012-9-24-', '2012-9-25-', '2012-9-26-', '2012-9-27-', '2012-9-28-', '2012-9-29-', '2012-9-30-', '2013-5-28-', '2013-5-29-', '2013-5-30-', '2013-5-31-', '2013-6-1-', '2013-6-2-', '2013-6-26-', '2013-6-27-', '2013-6-28-', '2013-6-29-', '2013-6-3-', '2013-6-30-', '2013-6-4-', '2013-7-1-', '2013-7-2-', '2013-7-3-', '2013-7-4-', '2015-3-11-', '2015-3-12-', '2015-3-13-', '2015-3-14-', '2015-3-15-', '2015-3-16-', '2015-3-17-', '2015-3-18-', '2015-3-19-', '2015-3-20-', '2015-3-21-', '2018-8-22-', '2018-8-23-', '2018-8-24-', '2018-8-25-', '2018-8-26-', '2018-8-27-', '2018-8-28-', '2018-8-29-', '2018-8-30-', '2018-8-31-', '2018-9-1-', '2018-9-2-', '2018-9-3-'] 
[2023-12-04 09:30:04] test_years: [1998, 1999, 2000, 2001, 2003, 2004, 2012, 2013, 2015, 2018] 
Running testing for storm #37 for  1-hour ahead for 5-minute resolution
[2023-12-04 09:30:04] len(train_data): 71735 
[2023-12-04 09:30:04] len(train_array): 71735 
[2023-12-04 09:30:08] t1 2004-11-4 
[2023-12-04 09:30:08] values--> 2004-11-04 2004-11-4 2004-11-14 2004-11-14 
[2023-12-04 09:30:08] value: ['2004-11-4-', '2004-11-5-', '2004-11-6-', '2004-11-7-', '2004-11-8-', '2004-11-9-', '2004-11-10-', '2004-11-11-', '2004-11-12-', '2004-11-13-', '2004-11-14-'] 
[2023-12-04 09:30:08] value 2: ['2004-11-4-', '2004-11-5-', '2004-11-6-', '2004-11-7-', '2004-11-8-', '2004-11-9-', '2004-11-10-', '2004-11-11-', '2004-11-12-', '2004-11-13-', '2004-11-14-'] 
[2023-12-04 09:30:08] 37 storms_data size: 3049 s_data size: 3049 
[2023-12-04 09:30:08] 37 min: -393 max: 92 
[2023-12-04 09:30:08] 37 range: ['2004-11-4-', '2004-11-5-', '2004-11-6-', '2004-11-7-', '2004-11-8-', '2004-11-9-', '2004-11-10-', '2004-11-11-', '2004-11-12-', '2004-11-13-', '2004-11-14-'] 
[2023-12-04 09:30:08] end_date_ts: 2004-11-14 13:55:00 
[2023-12-04 09:30:09] Testing is in progress.. 
[2023-12-04 09:30:11] saving to: results_datasets\storm_num_37\5min\1h_uq_training.csv 
[2023-12-04 09:30:11] dates--> 2004-11-04 00:00:00 2004-11-06 15:30:00 2004-11-09 07:00:00 2004-11-14 13:55:00 
[2023-12-04 09:30:11] Preds stats --> 37 5min 1 34 -67 
[2023-12-04 09:30:11] xticks in test: [datetime.datetime(2004, 11, 4, 0, 0), datetime.datetime(2004, 11, 7, 12, 40), datetime.datetime(2004, 11, 11, 1, 20), datetime.datetime(2004, 11, 14, 13, 55)] 
[2023-12-04 09:30:11] 37 1 5  
[2023-12-04 09:30:11] x_label is:  
[2023-12-04 09:30:11] Setting ylimits...: -450 150 

[2023-12-04 09:30:11] xticksvalues in utils: ['11/04/04', '11/07/04', '11/10/04', '11/13/04'] 
[2023-12-04 09:30:11] xticks in utils1: [datetime.datetime(2004, 11, 4, 0, 0), datetime.datetime(2004, 11, 7, 12, 40), datetime.datetime(2004, 11, 11, 1, 20), datetime.datetime(2004, 11, 14, 13, 55)] 
[2023-12-04 09:30:11] [2023-12-04 09:30:11] Saving figure to file: Saving figure to file: figures\storm_5min_37_1h_symh_uq_pe.pdf figures\storm_5min_37_1h_symh_uq_pe.pdf 

Running testing for storm #37 for  2-hour ahead for 5-minute resolution
[2023-12-04 09:30:12] len(train_data): 71735 
[2023-12-04 09:30:12] len(train_array): 71735 
[2023-12-04 09:30:15] t1 2004-11-4 
[2023-12-04 09:30:15] values--> 2004-11-04 2004-11-4 2004-11-14 2004-11-14 
[2023-12-04 09:30:15] value: ['2004-11-4-', '2004-11-5-', '2004-11-6-', '2004-11-7-', '2004-11-8-', '2004-11-9-', '2004-11-10-', '2004-11-11-', '2004-11-12-', '2004-11-13-', '2004-11-14-'] 
[2023-12-04 09:30:15] value 2: ['2004-11-4-', '2004-11-5-', '2004-11-6-', '2004-11-7-', '2004-11-8-', '2004-11-9-', '2004-11-10-', '2004-11-11-', '2004-11-12-', '2004-11-13-', '2004-11-14-'] 
[2023-12-04 09:30:15] 37 storms_data size: 3049 s_data size: 3049 
[2023-12-04 09:30:15] 37 min: -393 max: 92 
[2023-12-04 09:30:15] 37 range: ['2004-11-4-', '2004-11-5-', '2004-11-6-', '2004-11-7-', '2004-11-8-', '2004-11-9-', '2004-11-10-', '2004-11-11-', '2004-11-12-', '2004-11-13-', '2004-11-14-'] 
[2023-12-04 09:30:15] end_date_ts: 2004-11-14 13:55:00 
[2023-12-04 09:30:16] Testing is in progress.. 
[2023-12-04 09:30:18] saving to: results_datasets\storm_num_37\5min\1h_uq_training.csv 
[2023-12-04 09:30:18] dates--> 2004-11-04 00:00:00 2004-11-06 15:30:00 2004-11-09 07:00:00 2004-11-14 13:55:00 
[2023-12-04 09:30:18] Preds stats --> 37 5min 2 35 -84 
[2023-12-04 09:30:18] xticks in test: [datetime.datetime(2004, 11, 4, 0, 0), datetime.datetime(2004, 11, 7, 12, 40), datetime.datetime(2004, 11, 11, 1, 20), datetime.datetime(2004, 11, 14, 13, 55)] 
[2023-12-04 09:30:18] 37 2 5  

[2023-12-04 09:30:18] x_label is:  
[2023-12-04 09:30:18] Setting ylimits...: -450 150 

[2023-12-04 09:30:18] xticksvalues in utils: ['11/04/04', '11/07/04', '11/10/04', '11/13/04'] 
[2023-12-04 09:30:18] xticks in utils1: [datetime.datetime(2004, 11, 4, 0, 0), datetime.datetime(2004, 11, 7, 12, 40), datetime.datetime(2004, 11, 11, 1, 20), datetime.datetime(2004, 11, 14, 13, 55)] 
[2023-12-04 09:30:18] [2023-12-04 09:30:18] Saving figure to file: Saving figure to file: figures\storm_5min_37_2h_symh_uq_pe.pdf figures\storm_5min_37_2h_symh_uq_pe.pdf 

[2023-12-04 09:38:17] Starting the training for start_hour: 1 end_hour: 3 
[2023-12-04 09:38:17] test_range: ['1998-11-10-', '1998-11-11-', '1998-11-12-', '1998-11-2-', '1998-11-3-', '1998-11-4-', '1998-11-5-', '1998-11-6-', '1998-11-7-', '1998-11-8-', '1998-11-9-', '1998-6-22-', '1998-6-23-', '1998-6-24-', '1998-6-25-', '1998-6-26-', '1998-6-27-', '1998-6-28-', '1998-6-29-', '1998-6-30-', '1999-1-10-', '1999-1-11-', '1999-1-12-', '1999-1-13-', '1999-1-14-', '1999-1-15-', '1999-1-16-', '1999-1-17-', '1999-1-18-', '1999-1-9-', '1999-4-13-', '1999-4-14-', '1999-4-15-', '1999-4-16-', '1999-4-17-', '1999-4-18-', '1999-4-19-', '2000-1-16-', '2000-1-17-', '2000-1-18-', '2000-1-19-', '2000-1-20-', '2000-1-21-', '2000-1-22-', '2000-1-23-', '2000-1-24-', '2000-1-25-', '2000-1-26-', '2000-4-10-', '2000-4-11-', '2000-4-12-', '2000-4-2-', '2000-4-3-', '2000-4-4-', '2000-4-5-', '2000-4-6-', '2000-4-7-', '2000-4-8-', '2000-4-9-', '2000-5-19-', '2000-5-20-', '2000-5-21-', '2000-5-22-', '2000-5-23-', '2000-5-24-', '2000-5-25-', '2000-5-26-', '2000-5-27-', '2000-5-28-', '2001-3-26-', '2001-3-27-', '2001-3-28-', '2001-3-29-', '2001-3-30-', '2001-3-31-', '2001-4-1-', '2001-4-2-', '2001-4-3-', '2001-4-4-', '2003-5-26-', '2003-5-27-', '2003-5-28-', '2003-5-29-', '2003-5-30-', '2003-5-31-', '2003-6-1-', '2003-6-2-', '2003-6-3-', '2003-6-4-', '2003-6-5-', '2003-6-6-', '2003-7-10-', '2003-7-11-', '2003-7-12-', '2003-7-13-', '2003-7-14-', '2003-7-15-', '2003-7-16-', '2003-7-17-', '2003-7-18-', '2003-7-8-', '2003-7-9-', '2004-1-18-', '2004-1-19-', '2004-1-20-', '2004-1-21-', '2004-1-22-', '2004-1-23-', '2004-1-24-', '2004-1-25-', '2004-1-26-', '2004-1-27-', '2004-11-10-', '2004-11-11-', '2004-11-12-', '2004-11-13-', '2004-11-14-', '2004-11-4-', '2004-11-5-', '2004-11-6-', '2004-11-7-', '2004-11-8-', '2004-11-9-', '2012-10-1-', '2012-10-2-', '2012-10-3-', '2012-10-4-', '2012-10-5-', '2012-9-10-', '2012-9-11-', '2012-9-12-', '2012-9-13-', '2012-9-14-', '2012-9-15-', '2012-9-16-', '2012-9-17-', '2012-9-18-', '2012-9-19-', '2012-9-20-', '2012-9-21-', '2012-9-22-', '2012-9-23-', '2012-9-24-', '2012-9-25-', '2012-9-26-', '2012-9-27-', '2012-9-28-', '2012-9-29-', '2012-9-30-', '2013-5-28-', '2013-5-29-', '2013-5-30-', '2013-5-31-', '2013-6-1-', '2013-6-2-', '2013-6-26-', '2013-6-27-', '2013-6-28-', '2013-6-29-', '2013-6-3-', '2013-6-30-', '2013-6-4-', '2013-7-1-', '2013-7-2-', '2013-7-3-', '2013-7-4-', '2015-3-11-', '2015-3-12-', '2015-3-13-', '2015-3-14-', '2015-3-15-', '2015-3-16-', '2015-3-17-', '2015-3-18-', '2015-3-19-', '2015-3-20-', '2015-3-21-', '2018-8-22-', '2018-8-23-', '2018-8-24-', '2018-8-25-', '2018-8-26-', '2018-8-27-', '2018-8-28-', '2018-8-29-', '2018-8-30-', '2018-8-31-', '2018-9-1-', '2018-9-2-', '2018-9-3-'] 
[2023-12-04 09:38:17] test_years: [1998, 1999, 2000, 2001, 2003, 2004, 2012, 2013, 2015, 2018] 
Running testing for storm #36 for  1-hour ahead for 5-minute resolution
[2023-12-04 09:38:18] len(train_data): 71735 
[2023-12-04 09:38:18] len(train_array): 71735 
[2023-12-04 09:38:21] t1 2004-1-18 
[2023-12-04 09:38:21] values--> 2004-01-18 2004-1-18 2004-01-27 2004-1-27 
[2023-12-04 09:38:21] value: ['2004-1-18-', '2004-1-19-', '2004-1-20-', '2004-1-21-', '2004-1-22-', '2004-1-23-', '2004-1-24-', '2004-1-25-', '2004-1-26-', '2004-1-27-'] 
[2023-12-04 09:38:21] value 2: ['2004-1-22-9', '2004-1-22-10', '2004-1-22-11', '2004-1-22-12', '2004-1-22-13', '2004-1-22-14', '2004-1-22-15', '2004-1-22-16', '2004-1-22-17', '2004-1-22-18', '2004-1-22-19', '2004-1-22-20'] 
[2023-12-04 09:38:21] 36 storms_data size: 2811 s_data size: 104 
[2023-12-04 09:38:21] 36 min: -137 max: 12 
[2023-12-04 09:38:21] 36 range: ['2004-1-22-9', '2004-1-22-10', '2004-1-22-11', '2004-1-22-12', '2004-1-22-13', '2004-1-22-14', '2004-1-22-15', '2004-1-22-16', '2004-1-22-17', '2004-1-22-18', '2004-1-22-19', '2004-1-22-20'] 
[2023-12-04 09:38:21] end_date_ts: 2004-01-22 08:30:00 
[2023-12-04 09:38:21] Testing is in progress.. 
[2023-12-04 09:38:22] saving to: results_datasets\storm_num_36\5min\1h_uq_training.csv 
[2023-12-04 09:38:22] dates--> 2004-01-22 00:00:00 2004-01-22 02:05:00 2004-01-22 04:10:00 2004-01-22 08:30:00 
[2023-12-04 09:38:22] Preds stats --> 36 5min 1 17 -22 
[2023-12-04 09:38:22] xticks in test: [datetime.datetime(2004, 1, 22, 0, 0), datetime.datetime(2004, 1, 22, 2, 50), datetime.datetime(2004, 1, 22, 5, 40), datetime.datetime(2004, 1, 22, 8, 30)] 
[2023-12-04 09:38:22] 36 1 5 _lv 
[2023-12-04 09:38:22] x_label is:  
[2023-12-04 09:38:22] Setting ylimits...: -450 150 

[2023-12-04 09:38:22] xticksvalues in utils: ['01/22/04 09:00', '01/22/04 12:00', '01/22/04 15:00', '01/22/04 18:00'] 
[2023-12-04 09:38:22] xticks in utils1: [datetime.datetime(2004, 1, 22, 0, 0), datetime.datetime(2004, 1, 22, 2, 50), datetime.datetime(2004, 1, 22, 5, 40), datetime.datetime(2004, 1, 22, 8, 30)] 
[2023-12-04 09:38:22] [2023-12-04 09:38:22] Saving figure to file: Saving figure to file: figures\storm_5min_36_1h_symh_uq_lv_pe.pdf figures\storm_5min_36_1h_symh_uq_lv_pe.pdf 

Running testing for storm #36 for  2-hour ahead for 5-minute resolution
[2023-12-04 09:38:23] len(train_data): 71735 
[2023-12-04 09:38:23] len(train_array): 71735 
[2023-12-04 09:38:26] t1 2004-1-18 
[2023-12-04 09:38:26] values--> 2004-01-18 2004-1-18 2004-01-27 2004-1-27 
[2023-12-04 09:38:26] value: ['2004-1-18-', '2004-1-19-', '2004-1-20-', '2004-1-21-', '2004-1-22-', '2004-1-23-', '2004-1-24-', '2004-1-25-', '2004-1-26-', '2004-1-27-'] 
[2023-12-04 09:38:26] value 2: ['2004-1-22-9', '2004-1-22-10', '2004-1-22-11', '2004-1-22-12', '2004-1-22-13', '2004-1-22-14', '2004-1-22-15', '2004-1-22-16', '2004-1-22-17', '2004-1-22-18', '2004-1-22-19', '2004-1-22-20'] 
[2023-12-04 09:38:26] 36 storms_data size: 2811 s_data size: 104 
[2023-12-04 09:38:26] 36 min: -137 max: 12 
[2023-12-04 09:38:26] 36 range: ['2004-1-22-9', '2004-1-22-10', '2004-1-22-11', '2004-1-22-12', '2004-1-22-13', '2004-1-22-14', '2004-1-22-15', '2004-1-22-16', '2004-1-22-17', '2004-1-22-18', '2004-1-22-19', '2004-1-22-20'] 
[2023-12-04 09:38:26] end_date_ts: 2004-01-22 08:30:00 
[2023-12-04 09:38:26] Testing is in progress.. 
[2023-12-04 09:38:27] saving to: results_datasets\storm_num_36\5min\1h_uq_training.csv 
[2023-12-04 09:38:27] dates--> 2004-01-22 00:00:00 2004-01-22 02:05:00 2004-01-22 04:10:00 2004-01-22 08:30:00 
[2023-12-04 09:38:27] Preds stats --> 36 5min 2 17 -22 
[2023-12-04 09:38:27] xticks in test: [datetime.datetime(2004, 1, 22, 0, 0), datetime.datetime(2004, 1, 22, 2, 50), datetime.datetime(2004, 1, 22, 5, 40), datetime.datetime(2004, 1, 22, 8, 30)] 
[2023-12-04 09:38:27] 36 2 5 _lv 

[2023-12-04 09:38:27] x_label is:  
[2023-12-04 09:38:27] Setting ylimits...: -450 150 

[2023-12-04 09:38:27] xticksvalues in utils: ['01/22/04 09:00', '01/22/04 12:00', '01/22/04 15:00', '01/22/04 18:00'] 
[2023-12-04 09:38:27] xticks in utils1: [datetime.datetime(2004, 1, 22, 0, 0), datetime.datetime(2004, 1, 22, 2, 50), datetime.datetime(2004, 1, 22, 5, 40), datetime.datetime(2004, 1, 22, 8, 30)] 
[2023-12-04 09:38:27] [2023-12-04 09:38:27] Saving figure to file: Saving figure to file: figures\storm_5min_36_2h_symh_uq_lv_pe.pdf figures\storm_5min_36_2h_symh_uq_lv_pe.pdf 

[2023-12-04 09:38:27] Starting the training for start_hour: 1 end_hour: 3 
[2023-12-04 09:38:27] test_range: ['1998-11-10-', '1998-11-11-', '1998-11-12-', '1998-11-2-', '1998-11-3-', '1998-11-4-', '1998-11-5-', '1998-11-6-', '1998-11-7-', '1998-11-8-', '1998-11-9-', '1998-6-22-', '1998-6-23-', '1998-6-24-', '1998-6-25-', '1998-6-26-', '1998-6-27-', '1998-6-28-', '1998-6-29-', '1998-6-30-', '1999-1-10-', '1999-1-11-', '1999-1-12-', '1999-1-13-', '1999-1-14-', '1999-1-15-', '1999-1-16-', '1999-1-17-', '1999-1-18-', '1999-1-9-', '1999-4-13-', '1999-4-14-', '1999-4-15-', '1999-4-16-', '1999-4-17-', '1999-4-18-', '1999-4-19-', '2000-1-16-', '2000-1-17-', '2000-1-18-', '2000-1-19-', '2000-1-20-', '2000-1-21-', '2000-1-22-', '2000-1-23-', '2000-1-24-', '2000-1-25-', '2000-1-26-', '2000-4-10-', '2000-4-11-', '2000-4-12-', '2000-4-2-', '2000-4-3-', '2000-4-4-', '2000-4-5-', '2000-4-6-', '2000-4-7-', '2000-4-8-', '2000-4-9-', '2000-5-19-', '2000-5-20-', '2000-5-21-', '2000-5-22-', '2000-5-23-', '2000-5-24-', '2000-5-25-', '2000-5-26-', '2000-5-27-', '2000-5-28-', '2001-3-26-', '2001-3-27-', '2001-3-28-', '2001-3-29-', '2001-3-30-', '2001-3-31-', '2001-4-1-', '2001-4-2-', '2001-4-3-', '2001-4-4-', '2003-5-26-', '2003-5-27-', '2003-5-28-', '2003-5-29-', '2003-5-30-', '2003-5-31-', '2003-6-1-', '2003-6-2-', '2003-6-3-', '2003-6-4-', '2003-6-5-', '2003-6-6-', '2003-7-10-', '2003-7-11-', '2003-7-12-', '2003-7-13-', '2003-7-14-', '2003-7-15-', '2003-7-16-', '2003-7-17-', '2003-7-18-', '2003-7-8-', '2003-7-9-', '2004-1-18-', '2004-1-19-', '2004-1-20-', '2004-1-21-', '2004-1-22-', '2004-1-23-', '2004-1-24-', '2004-1-25-', '2004-1-26-', '2004-1-27-', '2004-11-10-', '2004-11-11-', '2004-11-12-', '2004-11-13-', '2004-11-14-', '2004-11-4-', '2004-11-5-', '2004-11-6-', '2004-11-7-', '2004-11-8-', '2004-11-9-', '2012-10-1-', '2012-10-2-', '2012-10-3-', '2012-10-4-', '2012-10-5-', '2012-9-10-', '2012-9-11-', '2012-9-12-', '2012-9-13-', '2012-9-14-', '2012-9-15-', '2012-9-16-', '2012-9-17-', '2012-9-18-', '2012-9-19-', '2012-9-20-', '2012-9-21-', '2012-9-22-', '2012-9-23-', '2012-9-24-', '2012-9-25-', '2012-9-26-', '2012-9-27-', '2012-9-28-', '2012-9-29-', '2012-9-30-', '2013-5-28-', '2013-5-29-', '2013-5-30-', '2013-5-31-', '2013-6-1-', '2013-6-2-', '2013-6-26-', '2013-6-27-', '2013-6-28-', '2013-6-29-', '2013-6-3-', '2013-6-30-', '2013-6-4-', '2013-7-1-', '2013-7-2-', '2013-7-3-', '2013-7-4-', '2015-3-11-', '2015-3-12-', '2015-3-13-', '2015-3-14-', '2015-3-15-', '2015-3-16-', '2015-3-17-', '2015-3-18-', '2015-3-19-', '2015-3-20-', '2015-3-21-', '2018-8-22-', '2018-8-23-', '2018-8-24-', '2018-8-25-', '2018-8-26-', '2018-8-27-', '2018-8-28-', '2018-8-29-', '2018-8-30-', '2018-8-31-', '2018-9-1-', '2018-9-2-', '2018-9-3-'] 
[2023-12-04 09:38:27] test_years: [1998, 1999, 2000, 2001, 2003, 2004, 2012, 2013, 2015, 2018] 
Running testing for storm #37 for  1-hour ahead for 5-minute resolution
[2023-12-04 09:38:28] len(train_data): 71735 
[2023-12-04 09:38:28] len(train_array): 71735 
[2023-12-04 09:38:30] t1 2004-11-4 
[2023-12-04 09:38:30] values--> 2004-11-04 2004-11-4 2004-11-14 2004-11-14 
[2023-12-04 09:38:30] value: ['2004-11-4-', '2004-11-5-', '2004-11-6-', '2004-11-7-', '2004-11-8-', '2004-11-9-', '2004-11-10-', '2004-11-11-', '2004-11-12-', '2004-11-13-', '2004-11-14-'] 
[2023-12-04 09:38:30] value 2: ['2004-11-7-12', '2004-11-7-13', '2004-11-7-14', '2004-11-7-15', '2004-11-7-16', '2004-11-7-17', '2004-11-7-18', '2004-11-7-19', '2004-11-7-20', '2004-11-7-21', '2004-11-7-22', '2004-11-7-23', '2004-11-8-0', '2004-11-8-1', '2004-11-8-2', '2004-11-8-3', '2004-11-8-4', '2004-11-8-5', '2004-11-8-6', '2004-11-8-7', '2004-11-8-8', '2004-11-8-9', '2004-11-8-10', '2004-11-8-11', '2004-11-8-12', '2004-11-8-13', '2004-11-8-14'] 
[2023-12-04 09:38:30] 37 storms_data size: 3049 s_data size: 430 
[2023-12-04 09:38:30] 37 min: -393 max: 92 
[2023-12-04 09:38:30] 37 range: ['2004-11-7-12', '2004-11-7-13', '2004-11-7-14', '2004-11-7-15', '2004-11-7-16', '2004-11-7-17', '2004-11-7-18', '2004-11-7-19', '2004-11-7-20', '2004-11-7-21', '2004-11-7-22', '2004-11-7-23', '2004-11-8-0', '2004-11-8-1', '2004-11-8-2', '2004-11-8-3', '2004-11-8-4', '2004-11-8-5', '2004-11-8-6', '2004-11-8-7', '2004-11-8-8', '2004-11-8-9', '2004-11-8-10', '2004-11-8-11', '2004-11-8-12', '2004-11-8-13', '2004-11-8-14'] 
[2023-12-04 09:38:30] end_date_ts: 2004-11-08 11:40:00 
[2023-12-04 09:38:31] Testing is in progress.. 
[2023-12-04 09:38:32] saving to: results_datasets\storm_num_37\5min\1h_uq_training.csv 
[2023-12-04 09:38:32] dates--> 2004-11-07 00:00:00 2004-11-07 08:55:00 2004-11-07 17:50:00 2004-11-08 11:40:00 
[2023-12-04 09:38:32] Preds stats --> 37 5min 1 33 -66 
[2023-12-04 09:38:32] xticks in test: [datetime.datetime(2004, 11, 7, 0, 0), datetime.datetime(2004, 11, 7, 11, 55), datetime.datetime(2004, 11, 7, 23, 50), datetime.datetime(2004, 11, 8, 11, 40)] 
[2023-12-04 09:38:32] 37 1 5 _lv 
[2023-12-04 09:38:32] x_label is:  
[2023-12-04 09:38:32] Setting ylimits...: -450 150 

[2023-12-04 09:38:32] xticksvalues in utils: ['11/07/04 21:00', '11/08/04 03:00', '11/08/04 09:00', '11/08/04 15:00'] 
[2023-12-04 09:38:32] xticks in utils1: [datetime.datetime(2004, 11, 7, 0, 0), datetime.datetime(2004, 11, 7, 11, 55), datetime.datetime(2004, 11, 7, 23, 50), datetime.datetime(2004, 11, 8, 11, 40)] 
[2023-12-04 09:38:32] [2023-12-04 09:38:32] Saving figure to file: Saving figure to file: figures\storm_5min_37_1h_symh_uq_lv_pe.pdf figures\storm_5min_37_1h_symh_uq_lv_pe.pdf 

Running testing for storm #37 for  2-hour ahead for 5-minute resolution
[2023-12-04 09:38:33] len(train_data): 71735 
[2023-12-04 09:38:33] len(train_array): 71735 
[2023-12-04 09:38:36] t1 2004-11-4 
[2023-12-04 09:38:36] values--> 2004-11-04 2004-11-4 2004-11-14 2004-11-14 
[2023-12-04 09:38:36] value: ['2004-11-4-', '2004-11-5-', '2004-11-6-', '2004-11-7-', '2004-11-8-', '2004-11-9-', '2004-11-10-', '2004-11-11-', '2004-11-12-', '2004-11-13-', '2004-11-14-'] 
[2023-12-04 09:38:36] value 2: ['2004-11-7-12', '2004-11-7-13', '2004-11-7-14', '2004-11-7-15', '2004-11-7-16', '2004-11-7-17', '2004-11-7-18', '2004-11-7-19', '2004-11-7-20', '2004-11-7-21', '2004-11-7-22', '2004-11-7-23', '2004-11-8-0', '2004-11-8-1', '2004-11-8-2', '2004-11-8-3', '2004-11-8-4', '2004-11-8-5', '2004-11-8-6', '2004-11-8-7', '2004-11-8-8', '2004-11-8-9', '2004-11-8-10', '2004-11-8-11', '2004-11-8-12', '2004-11-8-13', '2004-11-8-14'] 
[2023-12-04 09:38:36] 37 storms_data size: 3049 s_data size: 430 
[2023-12-04 09:38:36] 37 min: -393 max: 92 
[2023-12-04 09:38:36] 37 range: ['2004-11-7-12', '2004-11-7-13', '2004-11-7-14', '2004-11-7-15', '2004-11-7-16', '2004-11-7-17', '2004-11-7-18', '2004-11-7-19', '2004-11-7-20', '2004-11-7-21', '2004-11-7-22', '2004-11-7-23', '2004-11-8-0', '2004-11-8-1', '2004-11-8-2', '2004-11-8-3', '2004-11-8-4', '2004-11-8-5', '2004-11-8-6', '2004-11-8-7', '2004-11-8-8', '2004-11-8-9', '2004-11-8-10', '2004-11-8-11', '2004-11-8-12', '2004-11-8-13', '2004-11-8-14'] 
[2023-12-04 09:38:36] end_date_ts: 2004-11-08 11:40:00 
[2023-12-04 09:38:36] Testing is in progress.. 
[2023-12-04 09:38:37] saving to: results_datasets\storm_num_37\5min\1h_uq_training.csv 
[2023-12-04 09:38:37] dates--> 2004-11-07 00:00:00 2004-11-07 08:55:00 2004-11-07 17:50:00 2004-11-08 11:40:00 
[2023-12-04 09:38:37] Preds stats --> 37 5min 2 33 -82 
[2023-12-04 09:38:37] xticks in test: [datetime.datetime(2004, 11, 7, 0, 0), datetime.datetime(2004, 11, 7, 11, 55), datetime.datetime(2004, 11, 7, 23, 50), datetime.datetime(2004, 11, 8, 11, 40)] 
[2023-12-04 09:38:37] 37 2 5 _lv 

[2023-12-04 09:38:37] x_label is:  
[2023-12-04 09:38:37] Setting ylimits...: -450 150 

[2023-12-04 09:38:37] xticksvalues in utils: ['11/07/04 21:00', '11/08/04 03:00', '11/08/04 09:00', '11/08/04 15:00'] 
[2023-12-04 09:38:37] xticks in utils1: [datetime.datetime(2004, 11, 7, 0, 0), datetime.datetime(2004, 11, 7, 11, 55), datetime.datetime(2004, 11, 7, 23, 50), datetime.datetime(2004, 11, 8, 11, 40)] 
[2023-12-04 09:38:37] [2023-12-04 09:38:37] Saving figure to file: Saving figure to file: figures\storm_5min_37_2h_symh_uq_lv_pe.pdf figures\storm_5min_37_2h_symh_uq_lv_pe.pdf 

